<?xml version="1.0" encoding="UTF-8"?>
<!-- Generated by org.testng.reporters.JUnitReportReporter -->
<testsuite skipped="0" hostname="APAC-M-6379" name="getExamples.BDDStyleGETRequest" tests="1" failures="0" timestamp="2022-08-07T00:25:17 IST" time="4.045" errors="0">
  <testcase name="GetBookingIds_VerifyStatusCode" time="4.045" classname="getExamples.BDDStyleGETRequest"/>
</testsuite> <!-- getExamples.BDDStyleGETRequest -->
