<?xml version="1.0" encoding="UTF-8"?>
<!-- Generated by org.testng.reporters.JUnitReportReporter -->
<testsuite skipped="0" hostname="APAC-M-6379" name="getExamples.NonBDDStyleGETRequest" tests="1" failures="0" timestamp="2022-08-07T00:24:57 IST" time="5.910" errors="0">
  <testcase name="getBookingIDs_verify_statusCode" time="5.910" classname="getExamples.NonBDDStyleGETRequest"/>
</testsuite> <!-- getExamples.NonBDDStyleGETRequest -->
